<?xml version="1.0" encoding="UTF-8"?>
<testsuite xmlns:xsi="http://www.w3.org/2001/XMLSchema-instance" xsi:noNamespaceSchemaLocation="https://maven.apache.org/surefire/maven-surefire-plugin/xsd/surefire-test-report-3.0.xsd" version="3.0" name="viewOngoingRequests" time="30.614" tests="3" errors="0" skipped="0" failures="1">
  <properties>
    <property name="sun.desktop" value="gnome"/>
    <property name="jpda.address" value="55913"/>
    <property name="awt.toolkit" value="sun.awt.X11.XToolkit"/>
    <property name="java.specification.version" value="11"/>
    <property name="sun.cpu.isalist" value=""/>
    <property name="sun.jnu.encoding" value="UTF-8"/>
    <property name="java.class.path" value="/home/saleha/NetBeansProjects/Automated Testing Using Selenium/target/test-classes:/home/saleha/NetBeansProjects/Automated Testing Using Selenium/target/classes:/home/saleha/.m2/repository/org/seleniumhq/selenium/selenium-api/4.8.2/selenium-api-4.8.2.jar:/home/saleha/.m2/repository/org/seleniumhq/selenium/selenium-chrome-driver/4.8.2/selenium-chrome-driver-4.8.2.jar:/home/saleha/.m2/repository/com/google/auto/service/auto-service-annotations/1.0.1/auto-service-annotations-1.0.1.jar:/home/saleha/.m2/repository/com/google/auto/service/auto-service/1.0.1/auto-service-1.0.1.jar:/home/saleha/.m2/repository/com/google/auto/auto-common/1.2/auto-common-1.2.jar:/home/saleha/.m2/repository/com/google/guava/guava/31.1-jre/guava-31.1-jre.jar:/home/saleha/.m2/repository/com/google/guava/failureaccess/1.0.1/failureaccess-1.0.1.jar:/home/saleha/.m2/repository/com/google/guava/listenablefuture/9999.0-empty-to-avoid-conflict-with-guava/listenablefuture-9999.0-empty-to-avoid-conflict-with-guava.jar:/home/saleha/.m2/repository/com/google/code/findbugs/jsr305/3.0.2/jsr305-3.0.2.jar:/home/saleha/.m2/repository/org/checkerframework/checker-qual/3.12.0/checker-qual-3.12.0.jar:/home/saleha/.m2/repository/com/google/errorprone/error_prone_annotations/2.11.0/error_prone_annotations-2.11.0.jar:/home/saleha/.m2/repository/com/google/j2objc/j2objc-annotations/1.3/j2objc-annotations-1.3.jar:/home/saleha/.m2/repository/org/seleniumhq/selenium/selenium-chromium-driver/4.8.2/selenium-chromium-driver-4.8.2.jar:/home/saleha/.m2/repository/org/seleniumhq/selenium/selenium-json/4.8.2/selenium-json-4.8.2.jar:/home/saleha/.m2/repository/org/seleniumhq/selenium/selenium-manager/4.8.2/selenium-manager-4.8.2.jar:/home/saleha/.m2/repository/org/seleniumhq/selenium/selenium-remote-driver/4.8.2/selenium-remote-driver-4.8.2.jar:/home/saleha/.m2/repository/com/beust/jcommander/1.82/jcommander-1.82.jar:/home/saleha/.m2/repository/io/netty/netty-buffer/4.1.90.Final/netty-buffer-4.1.90.Final.jar:/home/saleha/.m2/repository/io/netty/netty-codec-http/4.1.90.Final/netty-codec-http-4.1.90.Final.jar:/home/saleha/.m2/repository/io/netty/netty-codec/4.1.90.Final/netty-codec-4.1.90.Final.jar:/home/saleha/.m2/repository/io/netty/netty-handler/4.1.90.Final/netty-handler-4.1.90.Final.jar:/home/saleha/.m2/repository/io/netty/netty-common/4.1.90.Final/netty-common-4.1.90.Final.jar:/home/saleha/.m2/repository/io/netty/netty-transport-classes-epoll/4.1.90.Final/netty-transport-classes-epoll-4.1.90.Final.jar:/home/saleha/.m2/repository/io/netty/netty-transport-classes-kqueue/4.1.90.Final/netty-transport-classes-kqueue-4.1.90.Final.jar:/home/saleha/.m2/repository/io/netty/netty-transport-native-epoll/4.1.90.Final/netty-transport-native-epoll-4.1.90.Final.jar:/home/saleha/.m2/repository/io/netty/netty-transport-native-kqueue/4.1.90.Final/netty-transport-native-kqueue-4.1.90.Final.jar:/home/saleha/.m2/repository/io/netty/netty-transport-native-unix-common/4.1.90.Final/netty-transport-native-unix-common-4.1.90.Final.jar:/home/saleha/.m2/repository/io/netty/netty-transport/4.1.90.Final/netty-transport-4.1.90.Final.jar:/home/saleha/.m2/repository/io/netty/netty-resolver/4.1.90.Final/netty-resolver-4.1.90.Final.jar:/home/saleha/.m2/repository/io/opentelemetry/opentelemetry-api/1.24.0/opentelemetry-api-1.24.0.jar:/home/saleha/.m2/repository/io/opentelemetry/opentelemetry-context/1.24.0/opentelemetry-context-1.24.0.jar:/home/saleha/.m2/repository/io/opentelemetry/opentelemetry-exporter-logging/1.24.0/opentelemetry-exporter-logging-1.24.0.jar:/home/saleha/.m2/repository/io/opentelemetry/opentelemetry-sdk-metrics/1.24.0/opentelemetry-sdk-metrics-1.24.0.jar:/home/saleha/.m2/repository/io/opentelemetry/opentelemetry-sdk-logs/1.24.0-alpha/opentelemetry-sdk-logs-1.24.0-alpha.jar:/home/saleha/.m2/repository/io/opentelemetry/opentelemetry-api-logs/1.24.0-alpha/opentelemetry-api-logs-1.24.0-alpha.jar:/home/saleha/.m2/repository/io/opentelemetry/opentelemetry-api-events/1.24.0-alpha/opentelemetry-api-events-1.24.0-alpha.jar:/home/saleha/.m2/repository/io/opentelemetry/opentelemetry-sdk-common/1.24.0/opentelemetry-sdk-common-1.24.0.jar:/home/saleha/.m2/repository/io/opentelemetry/opentelemetry-sdk-extension-autoconfigure-spi/1.24.0/opentelemetry-sdk-extension-autoconfigure-spi-1.24.0.jar:/home/saleha/.m2/repository/io/opentelemetry/opentelemetry-sdk-extension-autoconfigure/1.24.0-alpha/opentelemetry-sdk-extension-autoconfigure-1.24.0-alpha.jar:/home/saleha/.m2/repository/io/opentelemetry/opentelemetry-sdk-trace/1.24.0/opentelemetry-sdk-trace-1.24.0.jar:/home/saleha/.m2/repository/io/opentelemetry/opentelemetry-sdk/1.24.0/opentelemetry-sdk-1.24.0.jar:/home/saleha/.m2/repository/io/opentelemetry/opentelemetry-semconv/1.24.0-alpha/opentelemetry-semconv-1.24.0-alpha.jar:/home/saleha/.m2/repository/io/ous/jtoml/2.0.0/jtoml-2.0.0.jar:/home/saleha/.m2/repository/org/apache/commons/commons-exec/1.3/commons-exec-1.3.jar:/home/saleha/.m2/repository/org/asynchttpclient/async-http-client/2.12.3/async-http-client-2.12.3.jar:/home/saleha/.m2/repository/org/asynchttpclient/async-http-client-netty-utils/2.12.3/async-http-client-netty-utils-2.12.3.jar:/home/saleha/.m2/repository/io/netty/netty-codec-socks/4.1.60.Final/netty-codec-socks-4.1.60.Final.jar:/home/saleha/.m2/repository/io/netty/netty-handler-proxy/4.1.60.Final/netty-handler-proxy-4.1.60.Final.jar:/home/saleha/.m2/repository/io/netty/netty-transport-native-epoll/4.1.60.Final/netty-transport-native-epoll-4.1.60.Final-linux-x86_64.jar:/home/saleha/.m2/repository/io/netty/netty-transport-native-kqueue/4.1.60.Final/netty-transport-native-kqueue-4.1.60.Final-osx-x86_64.jar:/home/saleha/.m2/repository/org/reactivestreams/reactive-streams/1.0.3/reactive-streams-1.0.3.jar:/home/saleha/.m2/repository/com/typesafe/netty/netty-reactive-streams/2.0.4/netty-reactive-streams-2.0.4.jar:/home/saleha/.m2/repository/org/slf4j/slf4j-api/1.7.30/slf4j-api-1.7.30.jar:/home/saleha/.m2/repository/com/sun/activation/jakarta.activation/1.2.2/jakarta.activation-1.2.2.jar:/home/saleha/.m2/repository/org/seleniumhq/selenium/selenium-http/4.8.2/selenium-http-4.8.2.jar:/home/saleha/.m2/repository/dev/failsafe/failsafe/3.3.1/failsafe-3.3.1.jar:/home/saleha/.m2/repository/junit/junit/4.13/junit-4.13.jar:/home/saleha/.m2/repository/org/hamcrest/hamcrest-core/1.3/hamcrest-core-1.3.jar:/home/saleha/.m2/repository/org/seleniumhq/selenium/selenium-support/4.8.2/selenium-support-4.8.2.jar:/home/saleha/.m2/repository/net/bytebuddy/byte-buddy/1.14.2/byte-buddy-1.14.2.jar:"/>
    <property name="java.vm.vendor" value="Ubuntu"/>
    <property name="sun.arch.data.model" value="64"/>
    <property name="java.vendor.url" value="https://ubuntu.com/"/>
    <property name="user.timezone" value="Asia/Karachi"/>
    <property name="forkMode" value="once"/>
    <property name="java.vm.specification.version" value="11"/>
    <property name="os.name" value="Linux"/>
    <property name="user.country" value="US"/>
    <property name="sun.java.launcher" value="SUN_STANDARD"/>
    <property name="sun.boot.library.path" value="/usr/lib/jvm/java-11-openjdk-amd64/lib"/>
    <property name="sun.java.command" value="/home/saleha/NetBeansProjects/Automated Testing Using Selenium/target/surefire/surefirebooter-20231127223711861_3.jar /home/saleha/NetBeansProjects/Automated Testing Using Selenium/target/surefire 2023-11-27T22-37-11_650-jvmRun1 surefire-20231127223711861_1tmp surefire_0-20231127223711861_2tmp"/>
    <property name="jdk.debug" value="release"/>
    <property name="test" value="viewOngoingRequests"/>
    <property name="surefire.test.class.path" value="/home/saleha/NetBeansProjects/Automated Testing Using Selenium/target/test-classes:/home/saleha/NetBeansProjects/Automated Testing Using Selenium/target/classes:/home/saleha/.m2/repository/org/seleniumhq/selenium/selenium-api/4.8.2/selenium-api-4.8.2.jar:/home/saleha/.m2/repository/org/seleniumhq/selenium/selenium-chrome-driver/4.8.2/selenium-chrome-driver-4.8.2.jar:/home/saleha/.m2/repository/com/google/auto/service/auto-service-annotations/1.0.1/auto-service-annotations-1.0.1.jar:/home/saleha/.m2/repository/com/google/auto/service/auto-service/1.0.1/auto-service-1.0.1.jar:/home/saleha/.m2/repository/com/google/auto/auto-common/1.2/auto-common-1.2.jar:/home/saleha/.m2/repository/com/google/guava/guava/31.1-jre/guava-31.1-jre.jar:/home/saleha/.m2/repository/com/google/guava/failureaccess/1.0.1/failureaccess-1.0.1.jar:/home/saleha/.m2/repository/com/google/guava/listenablefuture/9999.0-empty-to-avoid-conflict-with-guava/listenablefuture-9999.0-empty-to-avoid-conflict-with-guava.jar:/home/saleha/.m2/repository/com/google/code/findbugs/jsr305/3.0.2/jsr305-3.0.2.jar:/home/saleha/.m2/repository/org/checkerframework/checker-qual/3.12.0/checker-qual-3.12.0.jar:/home/saleha/.m2/repository/com/google/errorprone/error_prone_annotations/2.11.0/error_prone_annotations-2.11.0.jar:/home/saleha/.m2/repository/com/google/j2objc/j2objc-annotations/1.3/j2objc-annotations-1.3.jar:/home/saleha/.m2/repository/org/seleniumhq/selenium/selenium-chromium-driver/4.8.2/selenium-chromium-driver-4.8.2.jar:/home/saleha/.m2/repository/org/seleniumhq/selenium/selenium-json/4.8.2/selenium-json-4.8.2.jar:/home/saleha/.m2/repository/org/seleniumhq/selenium/selenium-manager/4.8.2/selenium-manager-4.8.2.jar:/home/saleha/.m2/repository/org/seleniumhq/selenium/selenium-remote-driver/4.8.2/selenium-remote-driver-4.8.2.jar:/home/saleha/.m2/repository/com/beust/jcommander/1.82/jcommander-1.82.jar:/home/saleha/.m2/repository/io/netty/netty-buffer/4.1.90.Final/netty-buffer-4.1.90.Final.jar:/home/saleha/.m2/repository/io/netty/netty-codec-http/4.1.90.Final/netty-codec-http-4.1.90.Final.jar:/home/saleha/.m2/repository/io/netty/netty-codec/4.1.90.Final/netty-codec-4.1.90.Final.jar:/home/saleha/.m2/repository/io/netty/netty-handler/4.1.90.Final/netty-handler-4.1.90.Final.jar:/home/saleha/.m2/repository/io/netty/netty-common/4.1.90.Final/netty-common-4.1.90.Final.jar:/home/saleha/.m2/repository/io/netty/netty-transport-classes-epoll/4.1.90.Final/netty-transport-classes-epoll-4.1.90.Final.jar:/home/saleha/.m2/repository/io/netty/netty-transport-classes-kqueue/4.1.90.Final/netty-transport-classes-kqueue-4.1.90.Final.jar:/home/saleha/.m2/repository/io/netty/netty-transport-native-epoll/4.1.90.Final/netty-transport-native-epoll-4.1.90.Final.jar:/home/saleha/.m2/repository/io/netty/netty-transport-native-kqueue/4.1.90.Final/netty-transport-native-kqueue-4.1.90.Final.jar:/home/saleha/.m2/repository/io/netty/netty-transport-native-unix-common/4.1.90.Final/netty-transport-native-unix-common-4.1.90.Final.jar:/home/saleha/.m2/repository/io/netty/netty-transport/4.1.90.Final/netty-transport-4.1.90.Final.jar:/home/saleha/.m2/repository/io/netty/netty-resolver/4.1.90.Final/netty-resolver-4.1.90.Final.jar:/home/saleha/.m2/repository/io/opentelemetry/opentelemetry-api/1.24.0/opentelemetry-api-1.24.0.jar:/home/saleha/.m2/repository/io/opentelemetry/opentelemetry-context/1.24.0/opentelemetry-context-1.24.0.jar:/home/saleha/.m2/repository/io/opentelemetry/opentelemetry-exporter-logging/1.24.0/opentelemetry-exporter-logging-1.24.0.jar:/home/saleha/.m2/repository/io/opentelemetry/opentelemetry-sdk-metrics/1.24.0/opentelemetry-sdk-metrics-1.24.0.jar:/home/saleha/.m2/repository/io/opentelemetry/opentelemetry-sdk-logs/1.24.0-alpha/opentelemetry-sdk-logs-1.24.0-alpha.jar:/home/saleha/.m2/repository/io/opentelemetry/opentelemetry-api-logs/1.24.0-alpha/opentelemetry-api-logs-1.24.0-alpha.jar:/home/saleha/.m2/repository/io/opentelemetry/opentelemetry-api-events/1.24.0-alpha/opentelemetry-api-events-1.24.0-alpha.jar:/home/saleha/.m2/repository/io/opentelemetry/opentelemetry-sdk-common/1.24.0/opentelemetry-sdk-common-1.24.0.jar:/home/saleha/.m2/repository/io/opentelemetry/opentelemetry-sdk-extension-autoconfigure-spi/1.24.0/opentelemetry-sdk-extension-autoconfigure-spi-1.24.0.jar:/home/saleha/.m2/repository/io/opentelemetry/opentelemetry-sdk-extension-autoconfigure/1.24.0-alpha/opentelemetry-sdk-extension-autoconfigure-1.24.0-alpha.jar:/home/saleha/.m2/repository/io/opentelemetry/opentelemetry-sdk-trace/1.24.0/opentelemetry-sdk-trace-1.24.0.jar:/home/saleha/.m2/repository/io/opentelemetry/opentelemetry-sdk/1.24.0/opentelemetry-sdk-1.24.0.jar:/home/saleha/.m2/repository/io/opentelemetry/opentelemetry-semconv/1.24.0-alpha/opentelemetry-semconv-1.24.0-alpha.jar:/home/saleha/.m2/repository/io/ous/jtoml/2.0.0/jtoml-2.0.0.jar:/home/saleha/.m2/repository/org/apache/commons/commons-exec/1.3/commons-exec-1.3.jar:/home/saleha/.m2/repository/org/asynchttpclient/async-http-client/2.12.3/async-http-client-2.12.3.jar:/home/saleha/.m2/repository/org/asynchttpclient/async-http-client-netty-utils/2.12.3/async-http-client-netty-utils-2.12.3.jar:/home/saleha/.m2/repository/io/netty/netty-codec-socks/4.1.60.Final/netty-codec-socks-4.1.60.Final.jar:/home/saleha/.m2/repository/io/netty/netty-handler-proxy/4.1.60.Final/netty-handler-proxy-4.1.60.Final.jar:/home/saleha/.m2/repository/io/netty/netty-transport-native-epoll/4.1.60.Final/netty-transport-native-epoll-4.1.60.Final-linux-x86_64.jar:/home/saleha/.m2/repository/io/netty/netty-transport-native-kqueue/4.1.60.Final/netty-transport-native-kqueue-4.1.60.Final-osx-x86_64.jar:/home/saleha/.m2/repository/org/reactivestreams/reactive-streams/1.0.3/reactive-streams-1.0.3.jar:/home/saleha/.m2/repository/com/typesafe/netty/netty-reactive-streams/2.0.4/netty-reactive-streams-2.0.4.jar:/home/saleha/.m2/repository/org/slf4j/slf4j-api/1.7.30/slf4j-api-1.7.30.jar:/home/saleha/.m2/repository/com/sun/activation/jakarta.activation/1.2.2/jakarta.activation-1.2.2.jar:/home/saleha/.m2/repository/org/seleniumhq/selenium/selenium-http/4.8.2/selenium-http-4.8.2.jar:/home/saleha/.m2/repository/dev/failsafe/failsafe/3.3.1/failsafe-3.3.1.jar:/home/saleha/.m2/repository/junit/junit/4.13/junit-4.13.jar:/home/saleha/.m2/repository/org/hamcrest/hamcrest-core/1.3/hamcrest-core-1.3.jar:/home/saleha/.m2/repository/org/seleniumhq/selenium/selenium-support/4.8.2/selenium-support-4.8.2.jar:/home/saleha/.m2/repository/net/bytebuddy/byte-buddy/1.14.2/byte-buddy-1.14.2.jar:"/>
    <property name="sun.cpu.endian" value="little"/>
    <property name="user.home" value="/home/saleha"/>
    <property name="user.language" value="en"/>
    <property name="java.specification.vendor" value="Oracle Corporation"/>
    <property name="java.version.date" value="2023-08-24"/>
    <property name="java.home" value="/usr/lib/jvm/java-11-openjdk-amd64"/>
    <property name="file.separator" value="/"/>
    <property name="basedir" value="/home/saleha/NetBeansProjects/Automated Testing Using Selenium"/>
    <property name="java.vm.compressedOopsMode" value="32-bit"/>
    <property name="line.separator" value="&#10;"/>
    <property name="java.specification.name" value="Java Platform API Specification"/>
    <property name="java.vm.specification.vendor" value="Oracle Corporation"/>
    <property name="java.awt.graphicsenv" value="sun.awt.X11GraphicsEnvironment"/>
    <property name="surefire.real.class.path" value="/home/saleha/NetBeansProjects/Automated Testing Using Selenium/target/surefire/surefirebooter-20231127223711861_3.jar"/>
    <property name="sun.management.compiler" value="HotSpot 64-Bit Tiered Compilers"/>
    <property name="java.runtime.version" value="11.0.20.1+1-post-Ubuntu-0ubuntu122.04"/>
    <property name="user.name" value="saleha"/>
    <property name="path.separator" value=":"/>
    <property name="os.version" value="6.2.0-36-generic"/>
    <property name="java.runtime.name" value="OpenJDK Runtime Environment"/>
    <property name="file.encoding" value="UTF-8"/>
    <property name="java.vm.name" value="OpenJDK 64-Bit Server VM"/>
    <property name="jpda.listen" value="true"/>
    <property name="maven.ext.class.path" value="/usr/lib/apache-netbeans/java/maven-nblib/netbeans-eventspy.jar"/>
    <property name="localRepository" value="/home/saleha/.m2/repository"/>
    <property name="java.vendor.url.bug" value="https://bugs.launchpad.net/ubuntu/+source/openjdk-lts"/>
    <property name="java.io.tmpdir" value="/tmp"/>
    <property name="java.version" value="11.0.20.1"/>
    <property name="user.dir" value="/home/saleha/NetBeansProjects/Automated Testing Using Selenium"/>
    <property name="os.arch" value="amd64"/>
    <property name="java.vm.specification.name" value="Java Virtual Machine Specification"/>
    <property name="java.awt.printerjob" value="sun.print.PSPrinterJob"/>
    <property name="sun.os.patch.level" value="unknown"/>
    <property name="java.library.path" value="/usr/java/packages/lib:/usr/lib/x86_64-linux-gnu/jni:/lib/x86_64-linux-gnu:/usr/lib/x86_64-linux-gnu:/usr/lib/jni:/lib:/usr/lib"/>
    <property name="java.vm.info" value="mixed mode, sharing"/>
    <property name="java.vendor" value="Ubuntu"/>
    <property name="java.vm.version" value="11.0.20.1+1-post-Ubuntu-0ubuntu122.04"/>
    <property name="java.specification.maintenance.version" value="2"/>
    <property name="sun.io.unicode.encoding" value="UnicodeLittle"/>
    <property name="java.class.version" value="55.0"/>
    <property name="maven.surefire.debug" value="-agentlib:jdwp=transport=dt_socket,server=n,address=55913"/>
  </properties>
  <testcase name="testOngoing" classname="viewOngoingRequests" time="17.561">
    <system-out><![CDATA[Found file: server(1).py
Found file: mongodb-atlas-cli_1.6.0_linux_arm64.deb
Found file: 60714052-b4cd-42d9-a61e-f48a2c098640.webp
Found file: .~lock.FSC Time Table & List of Courses Spring 2023 v1.1.xlsx#
Found file: projects stuff
Found file: ppit-2.pdf
Found file: fyp
Found file: server(2).py
Found file: 20L-1192-1.pdf
Found file: Turnitin.pdf
Found file: fl.py
Found file: node-v18.14.0-linux-x64.tar.xz
Found file: .com.google.Chrome.zPsHIU
Found file: apache-netbeans_19-1_all.deb
Found file: chromedriver-linux64.zip
Found file: Official Transcript.pdf
Found file: 20L-1192.pdf
Found file: IntegrationTesting.pptx
Found file: IS-Material(1).zip
Found file: virtualbox-7.0_7.0.12-159484~Ubuntu~jammy_amd64.deb
Found file: FR-UNet-master.zip
Found file: ROSE and ROSE-O.zip
Found file: android-studio
Found file: epfl mughees.pdf
Found file: mongodb-mongosh_1.8.2_amd64.deb
Found file: best_metric_model_segmentation2d_dict.pth
Found file: 20L-1192_20L-2198.pdf
Found file: deliverable_1(1)
Found file: code_1.74.3-1673284829_amd64.deb
Found file: PP_Assign2_ArchiKraft AI(1).pptx
Found file: cv lecture 13-17.pdf
Found file: kahaani-kahaanixTTS
Found file: IS-Material
Found file: Paper.pdf
Found file: starting_point_salehamuzammil.ovpn
Found file: PiiT-QuizII - A.docx
Found file: FYPFast.zip
Found file: TTS-ASR-Deploy-Kahaani
Found file: PP_Assign2_ArchiKraft AI.pptx
Found file: ali.mp4
Found file: slack-desktop-4.33.73-amd64.deb
Found file: teamviewer_15.40.8_amd64.deb
Found file: StarUML_5.1.0_amd64.deb
Found file: ST Deliverable.pdf
Found file: guftagu_frontend-taha-branch
Found file: course_outline_cs582_v5.pdf
Found file: summer@ epfl saleha.pdf
Found file: server.py
Found file: slides-serif(1).html
Found file: Resume.pdf
Found file: deliverable2.pdf
Found file: PiiT-QuizII - B - Solution.docx
Found file: Part 1
Found file: Testing
Found file: zoom_amd64.deb
Found file: CHASEDB1.zip
Found file: kali-linux-2022.4-qemu-amd64.qcow2
Found file: node-v18.14.0-linux-x64
Found file: Quiz2.docx
Found file: visualize.py
Found file: checkpoint-epoch1.pth
Found file: deliverable_1.zip
Found file: me
Found file: mongodb-compass_1.36.4_amd64.deb
Found file: Quiz1.docx
Found file: IS Project.pdf
Found file: opencv
Found file: chromedriver
Found file: weight.pt
Found file: FederatedVessel___A_Federated_Learning_Approach_for_Retinal_Vessel_Segmentation.pdf
Found file: LR_model.ipynb
Found file: slides-serif.html
Found file: google-chrome-stable_current_amd64 (1).deb
Found file: test (1).ipynb
Found file: IS_project.pdf
Found file: .ipynb_checkpoints
Found file: deliverable_1(1).zip
Found file: projects stuff (copy)
Found file: kali-linux-2022.4-qemu-amd64.7z
Found file: RAship Task Report.docx
Found file: guftagu_frontend-taha-branch (copy)
Found file: server(1).py
Found file: mongodb-atlas-cli_1.6.0_linux_arm64.deb
Found file: 60714052-b4cd-42d9-a61e-f48a2c098640.webp
Found file: .~lock.FSC Time Table & List of Courses Spring 2023 v1.1.xlsx#
Found file: projects stuff
Found file: ppit-2.pdf
Found file: fyp
Found file: server(2).py
Found file: 20L-1192-1.pdf
Found file: Turnitin.pdf
Found file: fl.py
Found file: node-v18.14.0-linux-x64.tar.xz
Found file: apache-netbeans_19-1_all.deb
Found file: chromedriver-linux64.zip
Found file: Official Transcript.pdf
Found file: 20L-1192.pdf
Found file: IntegrationTesting.pptx
Found file: IS-Material(1).zip
Found file: virtualbox-7.0_7.0.12-159484~Ubuntu~jammy_amd64.deb
Found file: FR-UNet-master.zip
Found file: ROSE and ROSE-O.zip
Found file: android-studio
Found file: epfl mughees.pdf
Found file: mongodb-mongosh_1.8.2_amd64.deb
Found file: best_metric_model_segmentation2d_dict.pth
Found file: 20L-1192_20L-2198.pdf
Found file: deliverable_1(1)
Found file: code_1.74.3-1673284829_amd64.deb
Found file: PP_Assign2_ArchiKraft AI(1).pptx
Found file: cv lecture 13-17.pdf
Found file: kahaani-kahaanixTTS
Found file: IS-Material
Found file: Paper.pdf
Found file: starting_point_salehamuzammil.ovpn
Found file: PiiT-QuizII - A.docx
Found file: FYPFast.zip
Found file: TTS-ASR-Deploy-Kahaani
Found file: PP_Assign2_ArchiKraft AI.pptx
Found file: ali.mp4
Found file: slack-desktop-4.33.73-amd64.deb
Found file: teamviewer_15.40.8_amd64.deb
Found file: StarUML_5.1.0_amd64.deb
Found file: ST Deliverable.pdf
Found file: guftagu_frontend-taha-branch
Found file: course_outline_cs582_v5.pdf
Found file: summer@ epfl saleha.pdf
Found file: server.py
Found file: slides-serif(1).html
Found file: Resume.pdf
Found file: deliverable2.pdf
Found file: PiiT-QuizII - B - Solution.docx
Found file: Part 1
Found file: Testing
Found file: zoom_amd64.deb
Found file: CHASEDB1.zip
Found file: kali-linux-2022.4-qemu-amd64.qcow2
Found file: node-v18.14.0-linux-x64
Found file: Quiz2.docx
Found file: Mughees_Sun Nov 26 2023 15_25_46 GMT+0500 (Pakistan Standard Time)
]]></system-out>
    <system-err><![CDATA[SLF4J: Failed to load class "org.slf4j.impl.StaticLoggerBinder".
SLF4J: Defaulting to no-operation (NOP) logger implementation
SLF4J: See http://www.slf4j.org/codes.html#StaticLoggerBinder for further details.
Starting ChromeDriver 119.0.6045.159 (eaa767197fa7dd412133d1b84f7eb60da43409c9-refs/branch-heads/6045@{#1327}) on port 2318
Only local connections are allowed.
Please see https://chromedriver.chromium.org/security-considerations for suggestions on keeping ChromeDriver safe.
ChromeDriver was started successfully.
Nov 27, 2023 10:37:15 PM org.openqa.selenium.devtools.CdpVersionFinder findNearestMatch
WARNING: Unable to find CDP implementation matching 119
Nov 27, 2023 10:37:15 PM org.openqa.selenium.chromium.ChromiumDriver lambda$new$3
WARNING: Unable to find version of CDP to use for . You may need to include a dependency on a specific version of the CDP using something similar to `org.seleniumhq.selenium:selenium-devtools-v86:4.8.2` where the version ("v86") matches the version of the chromium-based browser you're using and the version number of the artifact is the same as Selenium's.
]]></system-err>
  </testcase>
  <testcase name="noOngoing" classname="viewOngoingRequests" time="5.588">
    <system-err><![CDATA[Starting ChromeDriver 119.0.6045.159 (eaa767197fa7dd412133d1b84f7eb60da43409c9-refs/branch-heads/6045@{#1327}) on port 4026
Only local connections are allowed.
Please see https://chromedriver.chromium.org/security-considerations for suggestions on keeping ChromeDriver safe.
ChromeDriver was started successfully.
Nov 27, 2023 10:37:31 PM org.openqa.selenium.devtools.CdpVersionFinder findNearestMatch
WARNING: Unable to find CDP implementation matching 119
Nov 27, 2023 10:37:31 PM org.openqa.selenium.chromium.ChromiumDriver lambda$new$3
WARNING: Unable to find version of CDP to use for . You may need to include a dependency on a specific version of the CDP using something similar to `org.seleniumhq.selenium:selenium-devtools-v86:4.8.2` where the version ("v86") matches the version of the chromium-based browser you're using and the version number of the artifact is the same as Selenium's.
]]></system-err>
  </testcase>
  <testcase name="testRefreshConsistency" classname="viewOngoingRequests" time="7.308">
    <failure message="The number of ongoing requests should remain consistent after refresh. expected:&lt;0&gt; but was:&lt;30&gt;" type="java.lang.AssertionError"><![CDATA[java.lang.AssertionError: The number of ongoing requests should remain consistent after refresh. expected:<0> but was:<30>
	at org.junit.Assert.fail(Assert.java:89)
	at org.junit.Assert.failNotEquals(Assert.java:835)
	at org.junit.Assert.assertEquals(Assert.java:647)
	at viewOngoingRequests.testRefreshConsistency(viewOngoingRequests.java:194)
	at java.base/jdk.internal.reflect.NativeMethodAccessorImpl.invoke0(Native Method)
	at java.base/jdk.internal.reflect.NativeMethodAccessorImpl.invoke(NativeMethodAccessorImpl.java:62)
	at java.base/jdk.internal.reflect.DelegatingMethodAccessorImpl.invoke(DelegatingMethodAccessorImpl.java:43)
	at java.base/java.lang.reflect.Method.invoke(Method.java:566)
	at org.junit.runners.model.FrameworkMethod$1.runReflectiveCall(FrameworkMethod.java:59)
	at org.junit.internal.runners.model.ReflectiveCallable.run(ReflectiveCallable.java:12)
	at org.junit.runners.model.FrameworkMethod.invokeExplosively(FrameworkMethod.java:56)
	at org.junit.internal.runners.statements.InvokeMethod.evaluate(InvokeMethod.java:17)
	at org.junit.internal.runners.statements.RunBefores.evaluate(RunBefores.java:26)
	at org.junit.internal.runners.statements.RunAfters.evaluate(RunAfters.java:27)
	at org.junit.runners.ParentRunner$3.evaluate(ParentRunner.java:306)
	at org.junit.runners.BlockJUnit4ClassRunner$1.evaluate(BlockJUnit4ClassRunner.java:100)
	at org.junit.runners.ParentRunner.runLeaf(ParentRunner.java:366)
	at org.junit.runners.BlockJUnit4ClassRunner.runChild(BlockJUnit4ClassRunner.java:103)
	at org.junit.runners.BlockJUnit4ClassRunner.runChild(BlockJUnit4ClassRunner.java:63)
	at org.junit.runners.ParentRunner$4.run(ParentRunner.java:331)
	at org.junit.runners.ParentRunner$1.schedule(ParentRunner.java:79)
	at org.junit.runners.ParentRunner.runChildren(ParentRunner.java:329)
	at org.junit.runners.ParentRunner.access$100(ParentRunner.java:66)
	at org.junit.runners.ParentRunner$2.evaluate(ParentRunner.java:293)
	at org.junit.runners.ParentRunner$3.evaluate(ParentRunner.java:306)
	at org.junit.runners.ParentRunner.run(ParentRunner.java:413)
	at org.apache.maven.surefire.junit4.JUnit4Provider.execute(JUnit4Provider.java:316)
	at org.apache.maven.surefire.junit4.JUnit4Provider.executeWithRerun(JUnit4Provider.java:240)
	at org.apache.maven.surefire.junit4.JUnit4Provider.executeTestSet(JUnit4Provider.java:214)
	at org.apache.maven.surefire.junit4.JUnit4Provider.invoke(JUnit4Provider.java:155)
	at org.apache.maven.surefire.booter.ForkedBooter.runSuitesInProcess(ForkedBooter.java:385)
	at org.apache.maven.surefire.booter.ForkedBooter.execute(ForkedBooter.java:162)
	at org.apache.maven.surefire.booter.ForkedBooter.run(ForkedBooter.java:507)
	at org.apache.maven.surefire.booter.ForkedBooter.main(ForkedBooter.java:495)
]]></failure>
    <system-err><![CDATA[Starting ChromeDriver 119.0.6045.159 (eaa767197fa7dd412133d1b84f7eb60da43409c9-refs/branch-heads/6045@{#1327}) on port 21771
Only local connections are allowed.
Please see https://chromedriver.chromium.org/security-considerations for suggestions on keeping ChromeDriver safe.
ChromeDriver was started successfully.
Nov 27, 2023 10:37:36 PM org.openqa.selenium.devtools.CdpVersionFinder findNearestMatch
WARNING: Unable to find CDP implementation matching 119
Nov 27, 2023 10:37:36 PM org.openqa.selenium.chromium.ChromiumDriver lambda$new$3
WARNING: Unable to find version of CDP to use for . You may need to include a dependency on a specific version of the CDP using something similar to `org.seleniumhq.selenium:selenium-devtools-v86:4.8.2` where the version ("v86") matches the version of the chromium-based browser you're using and the version number of the artifact is the same as Selenium's.
]]></system-err>
  </testcase>
</testsuite>